Using pre-set license
Built from '2021.3/staging' branch; Version is '2021.3.13f1 (9e7d58001ecf) revision 10386776'; Using compiler version '192829333'; Build Type 'Release'
OS: 'Windows 11  (10.0.22621) 64bit Core' Language: 'fr' Physical Memory: 32098 MB
BatchMode: 1, IsHumanControllingUs: 0, StartBugReporterOnCrash: 0, Is64bit: 1, IsPro: 1

COMMAND LINE ARGUMENTS:
C:\Program Files\Unity\Hub\Editor\2021.3.13f1\Editor\Unity.exe
-adb2
-batchMode
-noUpm
-name
AssetImportWorker0
-projectPath
C:/Users/adupi/Platformer 3D
-logFile
Logs/AssetImportWorker0.log
-srvPort
57290
Successfully changed project path to: C:/Users/adupi/Platformer 3D
C:/Users/adupi/Platformer 3D
[UnityMemory] Configuration Parameters - Can be set up in boot.config
    "memorysetup-bucket-allocator-granularity=16"
    "memorysetup-bucket-allocator-bucket-count=8"
    "memorysetup-bucket-allocator-block-size=33554432"
    "memorysetup-bucket-allocator-block-count=8"
    "memorysetup-main-allocator-block-size=16777216"
    "memorysetup-thread-allocator-block-size=16777216"
    "memorysetup-gfx-main-allocator-block-size=16777216"
    "memorysetup-gfx-thread-allocator-block-size=16777216"
    "memorysetup-cache-allocator-block-size=4194304"
    "memorysetup-typetree-allocator-block-size=2097152"
    "memorysetup-profiler-bucket-allocator-granularity=16"
    "memorysetup-profiler-bucket-allocator-bucket-count=8"
    "memorysetup-profiler-bucket-allocator-block-size=33554432"
    "memorysetup-profiler-bucket-allocator-block-count=8"
    "memorysetup-profiler-allocator-block-size=16777216"
    "memorysetup-profiler-editor-allocator-block-size=1048576"
    "memorysetup-temp-allocator-size-main=16777216"
    "memorysetup-job-temp-allocator-block-size=2097152"
    "memorysetup-job-temp-allocator-block-size-background=1048576"
    "memorysetup-job-temp-allocator-reduction-small-platforms=262144"
    "memorysetup-temp-allocator-size-background-worker=32768"
    "memorysetup-temp-allocator-size-job-worker=262144"
    "memorysetup-temp-allocator-size-preload-manager=33554432"
    "memorysetup-temp-allocator-size-nav-mesh-worker=65536"
    "memorysetup-temp-allocator-size-audio-worker=65536"
    "memorysetup-temp-allocator-size-cloud-worker=32768"
    "memorysetup-temp-allocator-size-gi-baking-worker=262144"
    "memorysetup-temp-allocator-size-gfx=262144"
Refreshing native plugins compatible for Editor in 75.87 ms, found 3 plugins.
Preloading 0 native plugins for Editor in 0.00 ms.
Initialize engine version: 2021.3.13f1 (9e7d58001ecf)
[Subsystems] Discovering subsystems at path C:/Program Files/Unity/Hub/Editor/2021.3.13f1/Editor/Data/Resources/UnitySubsystems
[Subsystems] Discovering subsystems at path C:/Users/adupi/Platformer 3D/Assets
GfxDevice: creating device client; threaded=0; jobified=0
Direct3D:
    Version:  Direct3D 11.0 [level 11.1]
    Renderer: NVIDIA GeForce RTX 3070 Laptop GPU (ID=0x249d)
    Vendor:   NVIDIA
    VRAM:     8033 MB
    Driver:   31.0.15.2686
Initialize mono
Mono path[0] = 'C:/Program Files/Unity/Hub/Editor/2021.3.13f1/Editor/Data/Managed'
Mono path[1] = 'C:/Program Files/Unity/Hub/Editor/2021.3.13f1/Editor/Data/MonoBleedingEdge/lib/mono/unityjit-win32'
Mono config path = 'C:/Program Files/Unity/Hub/Editor/2021.3.13f1/Editor/Data/MonoBleedingEdge/etc'
Using monoOptions --debugger-agent=transport=dt_socket,embedding=1,server=y,suspend=n,address=127.0.0.1:56732
Begin MonoManager ReloadAssembly
Registering precompiled unity dll's ...
Register platform support module: C:/Program Files/Unity/Hub/Editor/2021.3.13f1/Editor/Data/PlaybackEngines/WebGLSupport/UnityEditor.WebGL.Extensions.dll
Register platform support module: C:/Program Files/Unity/Hub/Editor/2021.3.13f1/Editor/Data/PlaybackEngines/WindowsStandaloneSupport/UnityEditor.WindowsStandalone.Extensions.dll
Registered in 0.007602 seconds.
Native extension for WindowsStandalone target not found
Native extension for WebGL target not found
Refreshing native plugins compatible for Editor in 105.81 ms, found 3 plugins.
Preloading 0 native plugins for Editor in 0.00 ms.
Mono: successfully reloaded assembly
- Completed reload, in  0.748 seconds
Domain Reload Profiling:
	ReloadAssembly (748ms)
		BeginReloadAssembly (75ms)
			ExecutionOrderSort (0ms)
			DisableScriptedObjects (0ms)
			BackupInstance (0ms)
			ReleaseScriptingObjects (0ms)
			CreateAndSetChildDomain (1ms)
		EndReloadAssembly (559ms)
			LoadAssemblies (73ms)
			RebuildTransferFunctionScriptingTraits (0ms)
			SetupTypeCache (115ms)
			ReleaseScriptCaches (0ms)
			RebuildScriptCaches (26ms)
			SetupLoadedEditorAssemblies (361ms)
				LogAssemblyErrors (0ms)
				InitializePlatformSupportModulesInManaged (7ms)
				SetLoadedEditorAssemblies (0ms)
				RefreshPlugins (106ms)
				BeforeProcessingInitializeOnLoad (2ms)
				ProcessInitializeOnLoadAttributes (184ms)
				ProcessInitializeOnLoadMethodAttributes (62ms)
				AfterProcessingInitializeOnLoad (0ms)
				EditorAssembliesLoaded (0ms)
			ExecutionOrderSort2 (0ms)
			AwakeInstancesAfterBackupRestoration (0ms)
Platform modules already initialized, skipping
Registering precompiled user dll's ...
Registered in 0.007974 seconds.
Begin MonoManager ReloadAssembly
Symbol file LoadedFromMemory doesn't match image C:\Users\adupi\Platformer 3D\Library\PackageCache\com.unity.visualscripting@1.7.8\Editor\VisualScripting.Core\Dependencies\YamlDotNet\Unity.VisualScripting.YamlDotNet.dll
Symbol file LoadedFromMemory doesn't match image C:\Users\adupi\Platformer 3D\Library\PackageCache\com.unity.visualscripting@1.7.8\Editor\VisualScripting.Core\Dependencies\DotNetZip\Unity.VisualScripting.IonicZip.dll
Native extension for WindowsStandalone target not found
Native extension for WebGL target not found
Refreshing native plugins compatible for Editor in 1.46 ms, found 3 plugins.
Preloading 0 native plugins for Editor in 0.00 ms.
Mono: successfully reloaded assembly
- Completed reload, in  1.275 seconds
Domain Reload Profiling:
	ReloadAssembly (1276ms)
		BeginReloadAssembly (130ms)
			ExecutionOrderSort (0ms)
			DisableScriptedObjects (5ms)
			BackupInstance (0ms)
			ReleaseScriptingObjects (0ms)
			CreateAndSetChildDomain (27ms)
		EndReloadAssembly (1017ms)
			LoadAssemblies (94ms)
			RebuildTransferFunctionScriptingTraits (0ms)
			SetupTypeCache (309ms)
			ReleaseScriptCaches (1ms)
			RebuildScriptCaches (81ms)
			SetupLoadedEditorAssemblies (453ms)
				LogAssemblyErrors (0ms)
				InitializePlatformSupportModulesInManaged (13ms)
				SetLoadedEditorAssemblies (1ms)
				RefreshPlugins (2ms)
				BeforeProcessingInitializeOnLoad (123ms)
				ProcessInitializeOnLoadAttributes (281ms)
				ProcessInitializeOnLoadMethodAttributes (28ms)
				AfterProcessingInitializeOnLoad (6ms)
				EditorAssembliesLoaded (0ms)
			ExecutionOrderSort2 (0ms)
			AwakeInstancesAfterBackupRestoration (8ms)
Platform modules already initialized, skipping
========================================================================
Worker process is ready to serve import requests
Launched and connected shader compiler UnityShaderCompiler.exe after 0.07 seconds
Refreshing native plugins compatible for Editor in 1.23 ms, found 3 plugins.
Preloading 0 native plugins for Editor in 0.00 ms.
Unloading 3725 Unused Serialized files (Serialized files now loaded: 0)
Unloading 28 unused Assets / (159.7 KB). Loaded Objects now: 4183.
Memory consumption went from 133.1 MB to 132.9 MB.
Total: 4.708600 ms (FindLiveObjects: 0.439700 ms CreateObjectMapping: 0.322600 ms MarkObjects: 3.758700 ms  DeleteObjects: 0.185700 ms)

AssetImportParameters requested are different than current active one (requested -> active):
  custom:video-decoder-ogg-theora: a1e56fd34408186e4bbccfd4996cb3dc -> 
  custom:container-muxer-webm: aa71ff27fc2769a1b78a27578f13a17b -> 
  custom:container-demuxer-webm: 4f35f7cbe854078d1ac9338744f61a02 -> 
  custom:video-encoder-webm-vp8: eb34c28f22e8b96e1ab97ce403110664 -> 
  custom:video-codec-MediaFoundation-h265: 746d11721c4dcdbdad8f713fa42b33f4 -> 
  custom:audio-encoder-webm-vorbis: bf7c407c2cedff20999df2af8eb42d56 -> 
  custom:framework-win-MediaFoundation: 216162199b28c13a410421893ffa2e32 -> 
  custom:container-demuxer-ogg: 62fdf1f143b41e24485cea50d1cbac27 -> 
  custom:video-decoder-webm-vp8: 9c59270c3fd7afecdb556c50c9e8de78 -> 
  custom:audio-decoder-ogg-vorbis: bf7c407c2cedff20999df2af8eb42d56 -> 
========================================================================
Received Import Request.
  Time since last request: 40071.514323 seconds.
  path: Assets/Character.cs
  artifactKey: Guid(358a408a78a73a147b0a062cb3f5b3a9) Importer(815301076,1909f56bfc062723c751e8b465ee728b)
Start importing Assets/Character.cs using Guid(358a408a78a73a147b0a062cb3f5b3a9) Importer(815301076,1909f56bfc062723c751e8b465ee728b)  -> (artifact id: '659d545f348b17a09c64c7fcfe63154e') in 0.026868 seconds 
========================================================================
Received Prepare
Registering precompiled user dll's ...
Registered in 0.008830 seconds.
Begin MonoManager ReloadAssembly
Symbol file LoadedFromMemory doesn't match image C:\Users\adupi\Platformer 3D\Library\PackageCache\com.unity.visualscripting@1.7.8\Editor\VisualScripting.Core\Dependencies\YamlDotNet\Unity.VisualScripting.YamlDotNet.dll
Symbol file LoadedFromMemory doesn't match image C:\Users\adupi\Platformer 3D\Library\PackageCache\com.unity.visualscripting@1.7.8\Editor\VisualScripting.Core\Dependencies\DotNetZip\Unity.VisualScripting.IonicZip.dll
Native extension for WindowsStandalone target not found
Native extension for WebGL target not found
Refreshing native plugins compatible for Editor in 1.20 ms, found 3 plugins.
Preloading 0 native plugins for Editor in 0.00 ms.
Mono: successfully reloaded assembly
- Completed reload, in  1.037 seconds
Domain Reload Profiling:
	ReloadAssembly (1038ms)
		BeginReloadAssembly (140ms)
			ExecutionOrderSort (0ms)
			DisableScriptedObjects (6ms)
			BackupInstance (0ms)
			ReleaseScriptingObjects (0ms)
			CreateAndSetChildDomain (44ms)
		EndReloadAssembly (791ms)
			LoadAssemblies (88ms)
			RebuildTransferFunctionScriptingTraits (0ms)
			SetupTypeCache (277ms)
			ReleaseScriptCaches (1ms)
			RebuildScriptCaches (39ms)
			SetupLoadedEditorAssemblies (329ms)
				LogAssemblyErrors (0ms)
				InitializePlatformSupportModulesInManaged (12ms)
				SetLoadedEditorAssemblies (1ms)
				RefreshPlugins (1ms)
				BeforeProcessingInitializeOnLoad (72ms)
				ProcessInitializeOnLoadAttributes (204ms)
				ProcessInitializeOnLoadMethodAttributes (32ms)
				AfterProcessingInitializeOnLoad (7ms)
				EditorAssembliesLoaded (0ms)
			ExecutionOrderSort2 (0ms)
			AwakeInstancesAfterBackupRestoration (7ms)
Platform modules already initialized, skipping
Refreshing native plugins compatible for Editor in 2.30 ms, found 3 plugins.
Preloading 0 native plugins for Editor in 0.00 ms.
Unloading 3701 Unused Serialized files (Serialized files now loaded: 0)
Unloading 21 unused Assets / (135.1 KB). Loaded Objects now: 4186.
Memory consumption went from 131.1 MB to 130.9 MB.
Total: 3.275800 ms (FindLiveObjects: 0.305600 ms CreateObjectMapping: 0.103300 ms MarkObjects: 2.741500 ms  DeleteObjects: 0.124400 ms)

AssetImportParameters requested are different than current active one (requested -> active):
  custom:video-decoder-ogg-theora: a1e56fd34408186e4bbccfd4996cb3dc -> 
  custom:container-muxer-webm: aa71ff27fc2769a1b78a27578f13a17b -> 
  custom:container-demuxer-webm: 4f35f7cbe854078d1ac9338744f61a02 -> 
  custom:video-encoder-webm-vp8: eb34c28f22e8b96e1ab97ce403110664 -> 
  custom:video-codec-MediaFoundation-h265: 746d11721c4dcdbdad8f713fa42b33f4 -> 
  custom:audio-encoder-webm-vorbis: bf7c407c2cedff20999df2af8eb42d56 -> 
  custom:framework-win-MediaFoundation: 216162199b28c13a410421893ffa2e32 -> 
  custom:container-demuxer-ogg: 62fdf1f143b41e24485cea50d1cbac27 -> 
  custom:video-decoder-webm-vp8: 9c59270c3fd7afecdb556c50c9e8de78 -> 
  custom:audio-decoder-ogg-vorbis: bf7c407c2cedff20999df2af8eb42d56 -> 
========================================================================
Received Prepare
Registering precompiled user dll's ...
Registered in 0.005184 seconds.
Begin MonoManager ReloadAssembly
Symbol file LoadedFromMemory doesn't match image C:\Users\adupi\Platformer 3D\Library\PackageCache\com.unity.visualscripting@1.7.8\Editor\VisualScripting.Core\Dependencies\YamlDotNet\Unity.VisualScripting.YamlDotNet.dll
Symbol file LoadedFromMemory doesn't match image C:\Users\adupi\Platformer 3D\Library\PackageCache\com.unity.visualscripting@1.7.8\Editor\VisualScripting.Core\Dependencies\DotNetZip\Unity.VisualScripting.IonicZip.dll
Native extension for WindowsStandalone target not found
Native extension for WebGL target not found
Refreshing native plugins compatible for Editor in 0.67 ms, found 3 plugins.
Preloading 0 native plugins for Editor in 0.00 ms.
Mono: successfully reloaded assembly
- Completed reload, in  1.056 seconds
Domain Reload Profiling:
	ReloadAssembly (1057ms)
		BeginReloadAssembly (143ms)
			ExecutionOrderSort (0ms)
			DisableScriptedObjects (8ms)
			BackupInstance (0ms)
			ReleaseScriptingObjects (0ms)
			CreateAndSetChildDomain (43ms)
		EndReloadAssembly (812ms)
			LoadAssemblies (84ms)
			RebuildTransferFunctionScriptingTraits (0ms)
			SetupTypeCache (276ms)
			ReleaseScriptCaches (2ms)
			RebuildScriptCaches (46ms)
			SetupLoadedEditorAssemblies (360ms)
				LogAssemblyErrors (0ms)
				InitializePlatformSupportModulesInManaged (13ms)
				SetLoadedEditorAssemblies (0ms)
				RefreshPlugins (1ms)
				BeforeProcessingInitializeOnLoad (68ms)
				ProcessInitializeOnLoadAttributes (239ms)
				ProcessInitializeOnLoadMethodAttributes (32ms)
				AfterProcessingInitializeOnLoad (6ms)
				EditorAssembliesLoaded (0ms)
			ExecutionOrderSort2 (0ms)
			AwakeInstancesAfterBackupRestoration (7ms)
Platform modules already initialized, skipping
Refreshing native plugins compatible for Editor in 2.71 ms, found 3 plugins.
Preloading 0 native plugins for Editor in 0.00 ms.
Unloading 3701 Unused Serialized files (Serialized files now loaded: 0)
Unloading 21 unused Assets / (135.1 KB). Loaded Objects now: 4189.
Memory consumption went from 131.1 MB to 131.0 MB.
Total: 4.029100 ms (FindLiveObjects: 0.469600 ms CreateObjectMapping: 0.169200 ms MarkObjects: 3.208100 ms  DeleteObjects: 0.180800 ms)

AssetImportParameters requested are different than current active one (requested -> active):
  custom:video-decoder-ogg-theora: a1e56fd34408186e4bbccfd4996cb3dc -> 
  custom:container-muxer-webm: aa71ff27fc2769a1b78a27578f13a17b -> 
  custom:container-demuxer-webm: 4f35f7cbe854078d1ac9338744f61a02 -> 
  custom:video-encoder-webm-vp8: eb34c28f22e8b96e1ab97ce403110664 -> 
  custom:video-codec-MediaFoundation-h265: 746d11721c4dcdbdad8f713fa42b33f4 -> 
  custom:audio-encoder-webm-vorbis: bf7c407c2cedff20999df2af8eb42d56 -> 
  custom:framework-win-MediaFoundation: 216162199b28c13a410421893ffa2e32 -> 
  custom:container-demuxer-ogg: 62fdf1f143b41e24485cea50d1cbac27 -> 
  custom:video-decoder-webm-vp8: 9c59270c3fd7afecdb556c50c9e8de78 -> 
  custom:audio-decoder-ogg-vorbis: bf7c407c2cedff20999df2af8eb42d56 -> 
========================================================================
Received Import Request.
  Time since last request: 166.837899 seconds.
  path: Assets/Character.cs
  artifactKey: Guid(358a408a78a73a147b0a062cb3f5b3a9) Importer(815301076,1909f56bfc062723c751e8b465ee728b)
Start importing Assets/Character.cs using Guid(358a408a78a73a147b0a062cb3f5b3a9) Importer(815301076,1909f56bfc062723c751e8b465ee728b)  -> (artifact id: '00000000000000000000000000000000') in 0.001459 seconds  code(4) message(Build asset version error: assets/character.cs in SourceAssetDB has modification time of '2022-11-15T19:36:08.4738413Z' while content on disk has modification time of '2022-11-15T19:36:08.6484022Z')
  ERROR: Build asset version error: assets/character.cs in SourceAssetDB has modification time of '2022-11-15T19:36:08.4738413Z' while content on disk has modification time of '2022-11-15T19:36:08.6484022Z'
========================================================================
Received Prepare
Registering precompiled user dll's ...
Registered in 0.006494 seconds.
Begin MonoManager ReloadAssembly
Symbol file LoadedFromMemory doesn't match image C:\Users\adupi\Platformer 3D\Library\PackageCache\com.unity.visualscripting@1.7.8\Editor\VisualScripting.Core\Dependencies\YamlDotNet\Unity.VisualScripting.YamlDotNet.dll
Symbol file LoadedFromMemory doesn't match image C:\Users\adupi\Platformer 3D\Library\PackageCache\com.unity.visualscripting@1.7.8\Editor\VisualScripting.Core\Dependencies\DotNetZip\Unity.VisualScripting.IonicZip.dll
Native extension for WindowsStandalone target not found
Native extension for WebGL target not found
Refreshing native plugins compatible for Editor in 0.74 ms, found 3 plugins.
Preloading 0 native plugins for Editor in 0.00 ms.
Mono: successfully reloaded assembly
- Completed reload, in  1.101 seconds
Domain Reload Profiling:
	ReloadAssembly (1101ms)
		BeginReloadAssembly (155ms)
			ExecutionOrderSort (0ms)
			DisableScriptedObjects (5ms)
			BackupInstance (0ms)
			ReleaseScriptingObjects (0ms)
			CreateAndSetChildDomain (48ms)
		EndReloadAssembly (831ms)
			LoadAssemblies (100ms)
			RebuildTransferFunctionScriptingTraits (0ms)
			SetupTypeCache (289ms)
			ReleaseScriptCaches (2ms)
			RebuildScriptCaches (45ms)
			SetupLoadedEditorAssemblies (357ms)
				LogAssemblyErrors (0ms)
				InitializePlatformSupportModulesInManaged (14ms)
				SetLoadedEditorAssemblies (1ms)
				RefreshPlugins (1ms)
				BeforeProcessingInitializeOnLoad (72ms)
				ProcessInitializeOnLoadAttributes (230ms)
				ProcessInitializeOnLoadMethodAttributes (33ms)
				AfterProcessingInitializeOnLoad (7ms)
				EditorAssembliesLoaded (0ms)
			ExecutionOrderSort2 (0ms)
			AwakeInstancesAfterBackupRestoration (7ms)
Platform modules already initialized, skipping
Refreshing native plugins compatible for Editor in 2.51 ms, found 3 plugins.
Preloading 0 native plugins for Editor in 0.00 ms.
Unloading 3701 Unused Serialized files (Serialized files now loaded: 0)
Unloading 21 unused Assets / (134.9 KB). Loaded Objects now: 4192.
Memory consumption went from 131.1 MB to 131.0 MB.
Total: 4.365600 ms (FindLiveObjects: 0.501500 ms CreateObjectMapping: 0.157100 ms MarkObjects: 3.543800 ms  DeleteObjects: 0.161600 ms)

AssetImportParameters requested are different than current active one (requested -> active):
  custom:video-decoder-ogg-theora: a1e56fd34408186e4bbccfd4996cb3dc -> 
  custom:container-muxer-webm: aa71ff27fc2769a1b78a27578f13a17b -> 
  custom:container-demuxer-webm: 4f35f7cbe854078d1ac9338744f61a02 -> 
  custom:video-encoder-webm-vp8: eb34c28f22e8b96e1ab97ce403110664 -> 
  custom:video-codec-MediaFoundation-h265: 746d11721c4dcdbdad8f713fa42b33f4 -> 
  custom:audio-encoder-webm-vorbis: bf7c407c2cedff20999df2af8eb42d56 -> 
  custom:framework-win-MediaFoundation: 216162199b28c13a410421893ffa2e32 -> 
  custom:container-demuxer-ogg: 62fdf1f143b41e24485cea50d1cbac27 -> 
  custom:video-decoder-webm-vp8: 9c59270c3fd7afecdb556c50c9e8de78 -> 
  custom:audio-decoder-ogg-vorbis: bf7c407c2cedff20999df2af8eb42d56 -> 
========================================================================
Received Prepare
Registering precompiled user dll's ...
Registered in 0.004753 seconds.
Begin MonoManager ReloadAssembly
Symbol file LoadedFromMemory doesn't match image C:\Users\adupi\Platformer 3D\Library\PackageCache\com.unity.visualscripting@1.7.8\Editor\VisualScripting.Core\Dependencies\YamlDotNet\Unity.VisualScripting.YamlDotNet.dll
Symbol file LoadedFromMemory doesn't match image C:\Users\adupi\Platformer 3D\Library\PackageCache\com.unity.visualscripting@1.7.8\Editor\VisualScripting.Core\Dependencies\DotNetZip\Unity.VisualScripting.IonicZip.dll
Native extension for WindowsStandalone target not found
Native extension for WebGL target not found
Refreshing native plugins compatible for Editor in 0.76 ms, found 3 plugins.
Preloading 0 native plugins for Editor in 0.00 ms.
Mono: successfully reloaded assembly
- Completed reload, in  0.975 seconds
Domain Reload Profiling:
	ReloadAssembly (976ms)
		BeginReloadAssembly (141ms)
			ExecutionOrderSort (0ms)
			DisableScriptedObjects (9ms)
			BackupInstance (0ms)
			ReleaseScriptingObjects (0ms)
			CreateAndSetChildDomain (44ms)
		EndReloadAssembly (749ms)
			LoadAssemblies (77ms)
			RebuildTransferFunctionScriptingTraits (0ms)
			SetupTypeCache (237ms)
			ReleaseScriptCaches (1ms)
			RebuildScriptCaches (41ms)
			SetupLoadedEditorAssemblies (346ms)
				LogAssemblyErrors (0ms)
				InitializePlatformSupportModulesInManaged (13ms)
				SetLoadedEditorAssemblies (0ms)
				RefreshPlugins (1ms)
				BeforeProcessingInitializeOnLoad (67ms)
				ProcessInitializeOnLoadAttributes (222ms)
				ProcessInitializeOnLoadMethodAttributes (36ms)
				AfterProcessingInitializeOnLoad (7ms)
				EditorAssembliesLoaded (0ms)
			ExecutionOrderSort2 (0ms)
			AwakeInstancesAfterBackupRestoration (6ms)
Platform modules already initialized, skipping
Refreshing native plugins compatible for Editor in 3.10 ms, found 3 plugins.
Preloading 0 native plugins for Editor in 0.00 ms.
Unloading 3701 Unused Serialized files (Serialized files now loaded: 0)
Unloading 21 unused Assets / (127.3 KB). Loaded Objects now: 4195.
Memory consumption went from 131.1 MB to 131.0 MB.
Total: 3.920000 ms (FindLiveObjects: 0.275000 ms CreateObjectMapping: 0.208600 ms MarkObjects: 3.290500 ms  DeleteObjects: 0.144700 ms)

AssetImportParameters requested are different than current active one (requested -> active):
  custom:video-decoder-ogg-theora: a1e56fd34408186e4bbccfd4996cb3dc -> 
  custom:container-muxer-webm: aa71ff27fc2769a1b78a27578f13a17b -> 
  custom:container-demuxer-webm: 4f35f7cbe854078d1ac9338744f61a02 -> 
  custom:video-encoder-webm-vp8: eb34c28f22e8b96e1ab97ce403110664 -> 
  custom:video-codec-MediaFoundation-h265: 746d11721c4dcdbdad8f713fa42b33f4 -> 
  custom:audio-encoder-webm-vorbis: bf7c407c2cedff20999df2af8eb42d56 -> 
  custom:framework-win-MediaFoundation: 216162199b28c13a410421893ffa2e32 -> 
  custom:container-demuxer-ogg: 62fdf1f143b41e24485cea50d1cbac27 -> 
  custom:video-decoder-webm-vp8: 9c59270c3fd7afecdb556c50c9e8de78 -> 
  custom:audio-decoder-ogg-vorbis: bf7c407c2cedff20999df2af8eb42d56 -> 
========================================================================
Received Import Request.
  Time since last request: 113.882663 seconds.
  path: Assets/CapsuleCharacter.prefab
  artifactKey: Guid(ab017d7bcf0ca224391c652ad545161b) Importer(815301076,1909f56bfc062723c751e8b465ee728b)
Start importing Assets/CapsuleCharacter.prefab using Guid(ab017d7bcf0ca224391c652ad545161b) Importer(815301076,1909f56bfc062723c751e8b465ee728b)  -> (artifact id: 'c4c073ef70e10404d8cba95b5bafd27e') in 0.038086 seconds 
========================================================================
Received Import Request.
  Time since last request: 10.092878 seconds.
  path: Assets/CapsuleCharacter.prefab
  artifactKey: Guid(ab017d7bcf0ca224391c652ad545161b) Importer(815301076,1909f56bfc062723c751e8b465ee728b)
Start importing Assets/CapsuleCharacter.prefab using Guid(ab017d7bcf0ca224391c652ad545161b) Importer(815301076,1909f56bfc062723c751e8b465ee728b)  -> (artifact id: '1fa30e3fc360cb86c23ce005b2dcc105') in 0.072804 seconds 
========================================================================
Received Import Request.
  Time since last request: 123.899217 seconds.
  path: Assets/Scenes/SampleScene.unity
  artifactKey: Guid(9fc0d4010bbf28b4594072e72b8655ab) Importer(815301076,1909f56bfc062723c751e8b465ee728b)
Start importing Assets/Scenes/SampleScene.unity using Guid(9fc0d4010bbf28b4594072e72b8655ab) Importer(815301076,1909f56bfc062723c751e8b465ee728b)  -> (artifact id: '1dc0bfd7926cb44c2cbca8cab3bef559') in 0.006376 seconds 
========================================================================
Received Import Request.
  Time since last request: 317.198411 seconds.
  path: Assets/Scenes
  artifactKey: Guid(6ea315d0fd7389c41b19996891e99ae3) Importer(815301076,1909f56bfc062723c751e8b465ee728b)
Start importing Assets/Scenes using Guid(6ea315d0fd7389c41b19996891e99ae3) Importer(815301076,1909f56bfc062723c751e8b465ee728b)  -> (artifact id: 'b8193726cff86800c54781cdc6d54904') in 0.006903 seconds 
========================================================================
Received Import Request.
  Time since last request: 9.673696 seconds.
  path: Assets/Models
  artifactKey: Guid(a0b22c33bfc103143ac9795d028f5b29) Importer(815301076,1909f56bfc062723c751e8b465ee728b)
Start importing Assets/Models using Guid(a0b22c33bfc103143ac9795d028f5b29) Importer(815301076,1909f56bfc062723c751e8b465ee728b)  -> (artifact id: 'fecb16ce2a32964cc95c4e1e8f103948') in 0.007300 seconds 
========================================================================
Received Import Request.
  Time since last request: 28.493408 seconds.
  path: Assets/Models/LevelDesign.fbx
  artifactKey: Guid(3fb4dd81bd099e84aa05ffd153b2f356) Importer(815301076,1909f56bfc062723c751e8b465ee728b)
Start importing Assets/Models/LevelDesign.fbx using Guid(3fb4dd81bd099e84aa05ffd153b2f356) Importer(815301076,1909f56bfc062723c751e8b465ee728b)  -> (artifact id: 'ea95e24ed1409866993a3a0c8e722f87') in 0.853206 seconds 
========================================================================
Received Import Request.
  Time since last request: 3.812442 seconds.
  path: Assets/Models/CharacterPainEpice.fbx
  artifactKey: Guid(3f4da492cdad07e4ba3a7e1a76b2ea15) Importer(815301076,1909f56bfc062723c751e8b465ee728b)
Start importing Assets/Models/CharacterPainEpice.fbx using Guid(3f4da492cdad07e4ba3a7e1a76b2ea15) Importer(815301076,1909f56bfc062723c751e8b465ee728b)  -> (artifact id: '952de9d1b48acf0abd50c5ac4bc49f26') in 0.057668 seconds 
========================================================================
Received Import Request.
  Time since last request: 76.103159 seconds.
  path: Assets/Models/LevelDesign.fbx
  artifactKey: Guid(3fb4dd81bd099e84aa05ffd153b2f356) Importer(815301076,1909f56bfc062723c751e8b465ee728b)
Start importing Assets/Models/LevelDesign.fbx using Guid(3fb4dd81bd099e84aa05ffd153b2f356) Importer(815301076,1909f56bfc062723c751e8b465ee728b)  -> (artifact id: '9acdc97e2862a604e823006785ed1893') in 1.129173 seconds 
========================================================================
Received Import Request.
  Time since last request: 22.348077 seconds.
  path: Assets/Materials
  artifactKey: Guid(baf9629bba47f8b4fb47e74625eee8ef) Importer(815301076,1909f56bfc062723c751e8b465ee728b)
Start importing Assets/Materials using Guid(baf9629bba47f8b4fb47e74625eee8ef) Importer(815301076,1909f56bfc062723c751e8b465ee728b)  -> (artifact id: '338a7af3f2d75abca65783a69d8a89ac') in 0.005924 seconds 
========================================================================
Received Import Request.
  Time since last request: 11.702524 seconds.
  path: Assets/Materials/LevelMaterials
  artifactKey: Guid(9f2c1ca31f31deb4ea5b4563a6473e62) Importer(815301076,1909f56bfc062723c751e8b465ee728b)
Start importing Assets/Materials/LevelMaterials using Guid(9f2c1ca31f31deb4ea5b4563a6473e62) Importer(815301076,1909f56bfc062723c751e8b465ee728b)  -> (artifact id: '261d18a0e2d7edd3c2e1634fa1c4e925') in 0.008139 seconds 
========================================================================
Received Import Request.
  Time since last request: 409.969852 seconds.
  path: Assets/Models/LevelDesign.fbx
  artifactKey: Guid(3fb4dd81bd099e84aa05ffd153b2f356) Importer(815301076,1909f56bfc062723c751e8b465ee728b)
Start importing Assets/Models/LevelDesign.fbx using Guid(3fb4dd81bd099e84aa05ffd153b2f356) Importer(815301076,1909f56bfc062723c751e8b465ee728b)  -> (artifact id: '84945037f6d13a1d691e8bb1b12407cf') in 1.029903 seconds 
========================================================================
Received Import Request.
  Time since last request: 9.801557 seconds.
  path: Assets/Materials/LevelMaterials/Bambou.mat
  artifactKey: Guid(3f8d80fbd12f3ac41b00627f9c6282e1) Importer(815301076,1909f56bfc062723c751e8b465ee728b)
Start importing Assets/Materials/LevelMaterials/Bambou.mat using Guid(3f8d80fbd12f3ac41b00627f9c6282e1) Importer(815301076,1909f56bfc062723c751e8b465ee728b)  -> (artifact id: '7997c9dd9b82778ca657b7cbb05d16c2') in 0.023533 seconds 
========================================================================
Received Import Request.
  Time since last request: 0.000030 seconds.
  path: Assets/Materials/LevelMaterials/Gris.mat
  artifactKey: Guid(66fde58a622ed3646b16400f9c5103ab) Importer(815301076,1909f56bfc062723c751e8b465ee728b)
Start importing Assets/Materials/LevelMaterials/Gris.mat using Guid(66fde58a622ed3646b16400f9c5103ab) Importer(815301076,1909f56bfc062723c751e8b465ee728b)  -> (artifact id: 'd9cabac270d006161433e48eb35dfb35') in 0.016916 seconds 
========================================================================
Received Import Request.
  Time since last request: 0.000049 seconds.
  path: Assets/Materials/LevelMaterials/Noir.mat
  artifactKey: Guid(371f1b36852125347ae0566889e3a1aa) Importer(815301076,1909f56bfc062723c751e8b465ee728b)
Start importing Assets/Materials/LevelMaterials/Noir.mat using Guid(371f1b36852125347ae0566889e3a1aa) Importer(815301076,1909f56bfc062723c751e8b465ee728b)  -> (artifact id: '27b5fe559be86e205e8a8a9ace63a22c') in 0.016514 seconds 
========================================================================
Received Import Request.
  Time since last request: 0.000028 seconds.
  path: Assets/Materials/LevelMaterials/Noir.001.mat
  artifactKey: Guid(478e2a480d028c24c80fcea11699d9b8) Importer(815301076,1909f56bfc062723c751e8b465ee728b)
Start importing Assets/Materials/LevelMaterials/Noir.001.mat using Guid(478e2a480d028c24c80fcea11699d9b8) Importer(815301076,1909f56bfc062723c751e8b465ee728b)  -> (artifact id: '5c3915ded4f9904d1025c171c4cf2bec') in 0.013748 seconds 
========================================================================
Received Import Request.
  Time since last request: 0.000029 seconds.
  path: Assets/Materials/LevelMaterials/Material.009.mat
  artifactKey: Guid(20fe2f4eba037264183ed60fbaf5486d) Importer(815301076,1909f56bfc062723c751e8b465ee728b)
Start importing Assets/Materials/LevelMaterials/Material.009.mat using Guid(20fe2f4eba037264183ed60fbaf5486d) Importer(815301076,1909f56bfc062723c751e8b465ee728b)  -> (artifact id: 'cd61a2511639a678d22079ac4ac18430') in 0.017271 seconds 
========================================================================
Received Import Request.
  Time since last request: 0.000027 seconds.
  path: Assets/Materials/LevelMaterials/MaronFonce.mat
  artifactKey: Guid(55a3409be690ba147b2c89cb599ef191) Importer(815301076,1909f56bfc062723c751e8b465ee728b)
Start importing Assets/Materials/LevelMaterials/MaronFonce.mat using Guid(55a3409be690ba147b2c89cb599ef191) Importer(815301076,1909f56bfc062723c751e8b465ee728b)  -> (artifact id: '32e26bfbc54c92362be64e0ab259be29') in 0.012952 seconds 
========================================================================
Received Import Request.
  Time since last request: 0.000023 seconds.
  path: Assets/Materials/LevelMaterials/Orange.mat
  artifactKey: Guid(723ecf68ea847244796dbf65cd97ff1f) Importer(815301076,1909f56bfc062723c751e8b465ee728b)
Start importing Assets/Materials/LevelMaterials/Orange.mat using Guid(723ecf68ea847244796dbf65cd97ff1f) Importer(815301076,1909f56bfc062723c751e8b465ee728b)  -> (artifact id: '6fe5d67a81ae663926f959e61e728230') in 0.017717 seconds 
========================================================================
Received Import Request.
  Time since last request: 0.000024 seconds.
  path: Assets/Materials/LevelMaterials/Material.001.mat
  artifactKey: Guid(943eefc0cf9fb264b85f94c53697f811) Importer(815301076,1909f56bfc062723c751e8b465ee728b)
Start importing Assets/Materials/LevelMaterials/Material.001.mat using Guid(943eefc0cf9fb264b85f94c53697f811) Importer(815301076,1909f56bfc062723c751e8b465ee728b)  -> (artifact id: 'dea6f0a530395b84e0f2ac47dbd62b50') in 0.013909 seconds 
========================================================================
Received Import Request.
  Time since last request: 0.000027 seconds.
  path: Assets/Materials/LevelMaterials/Material.004.mat
  artifactKey: Guid(5ce55fd91898bad4089148adc42c8025) Importer(815301076,1909f56bfc062723c751e8b465ee728b)
Start importing Assets/Materials/LevelMaterials/Material.004.mat using Guid(5ce55fd91898bad4089148adc42c8025) Importer(815301076,1909f56bfc062723c751e8b465ee728b)  -> (artifact id: '598f84f8d0dca1245015a83be76c99fe') in 0.013231 seconds 
========================================================================
Received Import Request.
  Time since last request: 0.000033 seconds.
  path: Assets/Materials/LevelMaterials/White.mat
  artifactKey: Guid(2face2d9d505cb644b73d4a3148f0f85) Importer(815301076,1909f56bfc062723c751e8b465ee728b)
Start importing Assets/Materials/LevelMaterials/White.mat using Guid(2face2d9d505cb644b73d4a3148f0f85) Importer(815301076,1909f56bfc062723c751e8b465ee728b)  -> (artifact id: '96c741d6107bca06b9ab335221bb1a5b') in 0.013198 seconds 
========================================================================
Received Import Request.
  Time since last request: 0.000022 seconds.
  path: Assets/Materials/LevelMaterials/Metal.mat
  artifactKey: Guid(cab275f7c0fac2b4c92d62c215c65fe0) Importer(815301076,1909f56bfc062723c751e8b465ee728b)
Start importing Assets/Materials/LevelMaterials/Metal.mat using Guid(cab275f7c0fac2b4c92d62c215c65fe0) Importer(815301076,1909f56bfc062723c751e8b465ee728b)  -> (artifact id: 'ca802bc972644a80b00cdb1de2b20ea0') in 0.014977 seconds 
========================================================================
Received Import Request.
  Time since last request: 0.000031 seconds.
  path: Assets/Materials/LevelMaterials/Vert2.mat
  artifactKey: Guid(3efc8fa7a7dabe7489ed4298fb0f364c) Importer(815301076,1909f56bfc062723c751e8b465ee728b)
Start importing Assets/Materials/LevelMaterials/Vert2.mat using Guid(3efc8fa7a7dabe7489ed4298fb0f364c) Importer(815301076,1909f56bfc062723c751e8b465ee728b)  -> (artifact id: 'e7dd57efd79f1e1acc35fdb49ca0f258') in 0.011621 seconds 
========================================================================
Received Import Request.
  Time since last request: 0.000026 seconds.
  path: Assets/Materials/LevelMaterials/Red.mat
  artifactKey: Guid(d901af39d17f860438846bbcec2eed8d) Importer(815301076,1909f56bfc062723c751e8b465ee728b)
Start importing Assets/Materials/LevelMaterials/Red.mat using Guid(d901af39d17f860438846bbcec2eed8d) Importer(815301076,1909f56bfc062723c751e8b465ee728b)  -> (artifact id: 'c42664aee10ab43e389ef34394b73bb2') in 0.012340 seconds 
========================================================================
Received Import Request.
  Time since last request: 0.000031 seconds.
  path: Assets/Materials/LevelMaterials/Material.002.mat
  artifactKey: Guid(a16bd1210e8f7414bb094969fdcf1aff) Importer(815301076,1909f56bfc062723c751e8b465ee728b)
Start importing Assets/Materials/LevelMaterials/Material.002.mat using Guid(a16bd1210e8f7414bb094969fdcf1aff) Importer(815301076,1909f56bfc062723c751e8b465ee728b)  -> (artifact id: '778b0dc329d47ad1d74c1e4601dde815') in 0.012973 seconds 
========================================================================
Received Import Request.
  Time since last request: 0.000034 seconds.
  path: Assets/Materials/LevelMaterials/Eau.mat
  artifactKey: Guid(9aa28e87605d17f48a24d3bcae00e7a6) Importer(815301076,1909f56bfc062723c751e8b465ee728b)
Start importing Assets/Materials/LevelMaterials/Eau.mat using Guid(9aa28e87605d17f48a24d3bcae00e7a6) Importer(815301076,1909f56bfc062723c751e8b465ee728b)  -> (artifact id: '06070dd28a657d03c0a772f7ed8835d4') in 0.014178 seconds 
Editor requested this worker to shutdown with reason: Scaling down because of idle timeout
AssetImportWorker is now disconnected from the server
Process exiting
Exiting without the bug reporter. Application will terminate with return code 0